android/app/build/intermediates/manifest_merge_blame_file/debug/manifest-merger-blame-debug-report.txt
1<?xml version="1.0" encoding="utf-8"?>
2<manifest xmlns:android="http://schemas.android.com/apk/res/android"
3    package="com.memoire"
4    android:versionCode="1"
5    android:versionName="1.0" >
6
7    <uses-sdk
8        android:minSdkVersion="19"
9        android:targetSdkVersion="29" />
10
11    <uses-permission android:name="android.permission.SYSTEM_ALERT_WINDOW" />
11-->src/debug/AndroidManifest.xml:5:5-77
11-->src/debug/AndroidManifest.xml:5:22-75
12    <uses-permission android:name="android.permission.INTERNET" />
12-->src/main/AndroidManifest.xml:4:5-67
12-->src/main/AndroidManifest.xml:4:22-64
13    <uses-permission android:name="android.permission.ACCESS_WIFI_STATE" />
13-->[com.facebook.flipper:flipper:0.54.0] AndroidManifest.xml:16:5-76
13-->[com.facebook.flipper:flipper:0.54.0] AndroidManifest.xml:16:22-73
14
15    <uses-feature android:glEsVersion="0x00020000" />
15-->[:UnityExport] AndroidManifest.xml:13:5-54
15-->[:UnityExport] AndroidManifest.xml:13:19-51
16
17    <uses-permission android:name="android.permission.CAMERA" />
17-->[:UnityExport] AndroidManifest.xml:16:5-65
17-->[:UnityExport] AndroidManifest.xml:16:22-62
18
19    <uses-feature
19-->[:UnityExport] AndroidManifest.xml:18:5-20:36
20        android:name="android.hardware.camera"
20-->[:UnityExport] AndroidManifest.xml:19:9-47
21        android:required="true" />
21-->[:UnityExport] AndroidManifest.xml:20:9-33
22    <uses-feature
22-->[:UnityExport] AndroidManifest.xml:21:5-23:36
23        android:name="android.hardware.camera.autofocus"
23-->[:UnityExport] AndroidManifest.xml:22:9-57
24        android:required="false" />
24-->[:UnityExport] AndroidManifest.xml:23:9-33
25    <uses-feature
25-->[:UnityExport] AndroidManifest.xml:24:5-26:36
26        android:name="android.hardware.camera.front"
26-->[:UnityExport] AndroidManifest.xml:25:9-53
27        android:required="false" />
27-->[:UnityExport] AndroidManifest.xml:26:9-33
28    <uses-feature
28-->[:UnityExport] AndroidManifest.xml:27:5-29:36
29        android:name="android.hardware.touchscreen"
29-->[:UnityExport] AndroidManifest.xml:28:9-52
30        android:required="false" />
30-->[:UnityExport] AndroidManifest.xml:29:9-33
31    <uses-feature
31-->[:UnityExport] AndroidManifest.xml:30:5-32:36
32        android:name="android.hardware.touchscreen.multitouch"
32-->[:UnityExport] AndroidManifest.xml:31:9-63
33        android:required="false" />
33-->[:UnityExport] AndroidManifest.xml:32:9-33
34    <uses-feature
34-->[:UnityExport] AndroidManifest.xml:33:5-35:36
35        android:name="android.hardware.touchscreen.multitouch.distinct"
35-->[:UnityExport] AndroidManifest.xml:34:9-72
36        android:required="false" />
36-->[:UnityExport] AndroidManifest.xml:35:9-33
37
38    <uses-permission android:name="android.permission.ACCESS_NETWORK_STATE" />
38-->[:VuforiaWrapper:] AndroidManifest.xml:13:5-79
38-->[:VuforiaWrapper:] AndroidManifest.xml:13:22-76
39
40    <application
40-->src/main/AndroidManifest.xml:6:5-25:19
41        android:name="com.memoire.MainApplication"
41-->src/main/AndroidManifest.xml:7:7-38
42        android:allowBackup="false"
42-->src/main/AndroidManifest.xml:11:7-34
43        android:appComponentFactory="androidx.core.app.CoreComponentFactory"
43-->[androidx.core:core:1.1.0] AndroidManifest.xml:24:18-86
44        android:debuggable="true"
45        android:icon="@mipmap/ic_launcher"
45-->src/main/AndroidManifest.xml:9:7-41
46        android:label="@string/app_name"
46-->src/main/AndroidManifest.xml:8:7-39
47        android:roundIcon="@mipmap/ic_launcher_round"
47-->src/main/AndroidManifest.xml:10:7-52
48        android:theme="@style/AppTheme"
48-->src/main/AndroidManifest.xml:12:7-38
49        android:usesCleartextTraffic="true" >
49-->src/debug/AndroidManifest.xml:7:18-53
50        <activity
50-->src/main/AndroidManifest.xml:13:7-23:18
51            android:name="com.memoire.MainActivity"
51-->src/main/AndroidManifest.xml:14:9-37
52            android:configChanges="keyboard|keyboardHidden|orientation|screenSize|uiMode"
52-->src/main/AndroidManifest.xml:16:9-86
53            android:label="@string/app_name"
53-->src/main/AndroidManifest.xml:15:9-41
54            android:launchMode="singleTask"
54-->src/main/AndroidManifest.xml:17:9-40
55            android:windowSoftInputMode="adjustResize" >
55-->src/main/AndroidManifest.xml:18:9-51
56            <intent-filter>
56-->src/main/AndroidManifest.xml:19:9-22:25
57                <action android:name="android.intent.action.MAIN" />
57-->src/main/AndroidManifest.xml:20:13-65
57-->src/main/AndroidManifest.xml:20:21-62
58
59                <category android:name="android.intent.category.LAUNCHER" />
59-->src/main/AndroidManifest.xml:21:13-73
59-->src/main/AndroidManifest.xml:21:23-70
60            </intent-filter>
61        </activity>
62        <activity android:name="com.facebook.react.devsupport.DevSettingsActivity" />
62-->src/main/AndroidManifest.xml:24:7-84
62-->src/main/AndroidManifest.xml:24:17-81
63
64        <meta-data
64-->[:UnityExport] AndroidManifest.xml:38:9-40:33
65            android:name="unity.splash-mode"
65-->[:UnityExport] AndroidManifest.xml:39:13-45
66            android:value="0" />
66-->[:UnityExport] AndroidManifest.xml:40:13-30
67        <meta-data
67-->[:UnityExport] AndroidManifest.xml:41:9-43:36
68            android:name="unity.splash-enable"
68-->[:UnityExport] AndroidManifest.xml:42:13-47
69            android:value="True" />
69-->[:UnityExport] AndroidManifest.xml:43:13-33
70        <meta-data
70-->[:UnityExport] AndroidManifest.xml:44:9-46:50
71            android:name="notch.config"
71-->[:UnityExport] AndroidManifest.xml:45:13-40
72            android:value="portrait|landscape" />
72-->[:UnityExport] AndroidManifest.xml:46:13-47
73        <meta-data
73-->[:UnityExport] AndroidManifest.xml:47:9-49:68
74            android:name="unity.build-id"
74-->[:UnityExport] AndroidManifest.xml:48:13-42
75            android:value="cacccbf7-40e1-4199-a5ac-12d9c65fda36" />
75-->[:UnityExport] AndroidManifest.xml:49:13-65
76        <meta-data
76-->[:UnityExport] AndroidManifest.xml:50:9-52:40
77            android:name="com.google.ar.core"
77-->[:UnityExport] AndroidManifest.xml:51:13-46
78            android:value="optional" /> <!-- The minimal version code of ARCore APK required for an app using this SDK. -->
78-->[:UnityExport] AndroidManifest.xml:52:13-37
79        <meta-data
79-->[com.google.ar:core:1.18.0] AndroidManifest.xml:32:9-34:41
80            android:name="com.google.ar.core.min_apk_version"
80-->[com.google.ar:core:1.18.0] AndroidManifest.xml:33:13-62
81            android:value="200501000" /> <!-- This activity is critical for installing ARCore when it is not already present. -->
81-->[com.google.ar:core:1.18.0] AndroidManifest.xml:34:13-38
82        <activity
82-->[com.google.ar:core:1.18.0] AndroidManifest.xml:36:9-42:80
83            android:name="com.google.ar.core.InstallActivity"
83-->[com.google.ar:core:1.18.0] AndroidManifest.xml:37:13-62
84            android:configChanges="keyboardHidden|orientation|screenSize"
84-->[com.google.ar:core:1.18.0] AndroidManifest.xml:38:13-74
85            android:excludeFromRecents="true"
85-->[com.google.ar:core:1.18.0] AndroidManifest.xml:39:13-46
86            android:exported="false"
86-->[com.google.ar:core:1.18.0] AndroidManifest.xml:40:13-37
87            android:launchMode="singleTop"
87-->[com.google.ar:core:1.18.0] AndroidManifest.xml:41:13-43
88            android:theme="@android:style/Theme.Material.Light.Dialog.Alert" />
88-->[com.google.ar:core:1.18.0] AndroidManifest.xml:42:13-77
89    </application>
90
91</manifest>